2026-07-03 05:39:28,506 - aqt.helper - DEBUG - helper 12928 Attempt to download checksum at https://download.qt.io/online/qtsdkrepository/windows_x86/desktop/qt6_6111/qt6_6111/Updates.xml.sha256
2026-07-03 05:39:30,991 - aqt.helper - DEBUG - helper 12928 Attempt to download checksum at https://download.qt.io/online/qtsdkrepository/windows_x86/desktop/qt6_6111/qt6_6111/Updates.xml.sha256
2026-07-03 05:39:33,190 - aqt.helper - DEBUG - helper 12928 Attempt to download checksum at https://download.qt.io/online/qtsdkrepository/windows_x86/desktop/qt6_6111/qt6_6111/Updates.xml.sha256
2026-07-03 05:39:35,381 - aqt.helper - DEBUG - helper 12928 Attempt to download checksum at https://download.qt.io/online/qtsdkrepository/windows_x86/desktop/qt6_6111/qt6_6111/Updates.xml.sha256
2026-07-03 05:39:37,523 - aqt.helper - DEBUG - helper 12928 Attempt to download checksum at https://download.qt.io/online/qtsdkrepository/windows_x86/desktop/qt6_6111/qt6_6111/Updates.xml.sha256
2026-07-03 05:39:39,694 - aqt.main - ERROR - installer 12928 Failed to download checksum for the file 'Updates.xml' from mirrors '['https://download.qt.io']
==============================Suggested follow-up:==============================
* Check your internet connection
* Consider modifying `requests.max_retries_to_retrieve_hash` in settings.ini
* Consider modifying `mirrors.trusted_mirrors` in settings.ini (see https://aqtinstall.readthedocs.io/en/stable/configuration.html#configuration)
* Please use 'aqt list-qt windows desktop' to show versions of Qt available.
2026-07-03 06:02:04,858 - aqt.main - INFO - installer 21160 aqtinstall(aqt) v3.3.0 on Python 3.13.3 [CPython MSC v.1943 64 bit (AMD64)]
2026-07-03 06:02:04,859 - aqt.helper - DEBUG - helper 21160 Attempt to download checksum at https://download.qt.io/online/qtsdkrepository/windows_x86/desktop/qt6_683/qt6_683/Updates.xml.sha256
2026-07-03 06:02:10,729 - aqt.helper - DEBUG - helper 21160 Attempt to download checksum at https://download.qt.io/online/qtsdkrepository/windows_x86/extensions/qtwebengine/683/mingw/Updates.xml.sha256
2026-07-03 06:02:12,902 - aqt.helper - DEBUG - helper 21160 Attempt to download checksum at https://download.qt.io/online/qtsdkrepository/windows_x86/extensions/qtwebengine/683/mingw/Updates.xml.sha256
2026-07-03 06:02:15,182 - aqt.helper - DEBUG - helper 21160 Attempt to download checksum at https://download.qt.io/online/qtsdkrepository/windows_x86/extensions/qtwebengine/683/mingw/Updates.xml.sha256
2026-07-03 06:02:17,412 - aqt.helper - DEBUG - helper 21160 Attempt to download checksum at https://download.qt.io/online/qtsdkrepository/windows_x86/extensions/qtwebengine/683/mingw/Updates.xml.sha256
2026-07-03 06:02:19,618 - aqt.helper - DEBUG - helper 21160 Attempt to download checksum at https://download.qt.io/online/qtsdkrepository/windows_x86/extensions/qtwebengine/683/mingw/Updates.xml.sha256
2026-07-03 06:02:21,865 - aqt.helper - DEBUG - helper 21160 Attempt to download checksum at https://download.qt.io/online/qtsdkrepository/windows_x86/extensions/qtpdf/683/mingw/Updates.xml.sha256
2026-07-03 06:02:26,384 - aqt.archives - INFO - archives 21160 Found extension qtpdf
2026-07-03 06:02:26,396 - aqt.main - ERROR - installer 21160 The packages ['qtdeclarative'] were not found while parsing XML of package information!
==============================Suggested follow-up:==============================
* Please use 'aqt list-qt windows desktop --modules 6.8.3 <arch>' to show modules available.
2026-07-03 06:03:00,906 - aqt.main - INFO - installer 46436 aqtinstall(aqt) v3.3.0 on Python 3.13.3 [CPython MSC v.1943 64 bit (AMD64)]
2026-07-03 06:03:00,907 - aqt.helper - DEBUG - helper 46436 Attempt to download checksum at https://download.qt.io/online/qtsdkrepository/windows_x86/desktop/qt6_683/qt6_683/Updates.xml.sha256
2026-07-03 06:03:06,383 - aqt.helper - DEBUG - helper 46436 Attempt to download checksum at https://download.qt.io/online/qtsdkrepository/windows_x86/extensions/qtwebengine/683/mingw/Updates.xml.sha256
2026-07-03 06:03:08,633 - aqt.helper - DEBUG - helper 46436 Attempt to download checksum at https://download.qt.io/online/qtsdkrepository/windows_x86/extensions/qtwebengine/683/mingw/Updates.xml.sha256
2026-07-03 06:03:10,950 - aqt.helper - DEBUG - helper 46436 Attempt to download checksum at https://download.qt.io/online/qtsdkrepository/windows_x86/extensions/qtwebengine/683/mingw/Updates.xml.sha256
2026-07-03 06:03:13,196 - aqt.helper - DEBUG - helper 46436 Attempt to download checksum at https://download.qt.io/online/qtsdkrepository/windows_x86/extensions/qtwebengine/683/mingw/Updates.xml.sha256
2026-07-03 06:03:15,415 - aqt.helper - DEBUG - helper 46436 Attempt to download checksum at https://download.qt.io/online/qtsdkrepository/windows_x86/extensions/qtwebengine/683/mingw/Updates.xml.sha256
2026-07-03 06:03:17,604 - aqt.helper - DEBUG - helper 46436 Attempt to download checksum at https://download.qt.io/online/qtsdkrepository/windows_x86/extensions/qtpdf/683/mingw/Updates.xml.sha256
2026-07-03 06:03:21,716 - aqt.archives - INFO - archives 46436 Found extension qtpdf
2026-07-03 06:03:22,964 - aqt.helper - DEBUG - helper 20360 Attempt to download checksum at https://download.qt.io/online/qtsdkrepository/windows_x86/desktop/qt6_683/qt6_683/qt.qt6.683.win64_mingw/6.8.3-0-202503201308qtbase-Windows-Windows_10_22H2-Mingw-Windows-Windows_10_22H2-X86_64.7z.sha256
2026-07-03 06:03:22,970 - aqt.helper - DEBUG - helper 5764 Attempt to download checksum at https://download.qt.io/online/qtsdkrepository/windows_x86/desktop/qt6_683/qt6_683/qt.qt6.683.win64_mingw/6.8.3-0-202503201308qtsvg-Windows-Windows_10_22H2-Mingw-Windows-Windows_10_22H2-X86_64.7z.sha256
2026-07-03 06:03:22,974 - aqt.helper - DEBUG - helper 35768 Attempt to download checksum at https://download.qt.io/online/qtsdkrepository/windows_x86/desktop/qt6_683/qt6_683/qt.qt6.683.win64_mingw/6.8.3-0-202503201308qttools-Windows-Windows_10_22H2-Mingw-Windows-Windows_10_22H2-X86_64.7z.sha256
2026-07-03 06:03:22,974 - aqt.helper - DEBUG - helper 40196 Attempt to download checksum at https://download.qt.io/online/qtsdkrepository/windows_x86/desktop/qt6_683/qt6_683/qt.qt6.683.win64_mingw/6.8.3-0-202503201308qtdeclarative-Windows-Windows_10_22H2-Mingw-Windows-Windows_10_22H2-X86_64.7z.sha256
2026-07-03 06:03:25,151 - aqt.helper - INFO - helper 35768 Downloading qttools...
2026-07-03 06:03:25,151 - aqt.installer - DEBUG - installer 35768 Download URL: https://ftp.jaist.ac.jp/pub/qtproject/online/qtsdkrepository/windows_x86/desktop/qt6_683/qt6_683/qt.qt6.683.win64_mingw/6.8.3-0-202503201308qttools-Windows-Windows_10_22H2-Mingw-Windows-Windows_10_22H2-X86_64.7z
2026-07-03 06:03:25,167 - aqt.helper - INFO - helper 40196 Downloading qtdeclarative...
2026-07-03 06:03:25,167 - aqt.installer - DEBUG - installer 40196 Download URL: https://ftp.jaist.ac.jp/pub/qtproject/online/qtsdkrepository/windows_x86/desktop/qt6_683/qt6_683/qt.qt6.683.win64_mingw/6.8.3-0-202503201308qtdeclarative-Windows-Windows_10_22H2-Mingw-Windows-Windows_10_22H2-X86_64.7z
2026-07-03 06:03:25,219 - aqt.helper - INFO - helper 5764 Downloading qtsvg...
2026-07-03 06:03:25,219 - aqt.installer - DEBUG - installer 5764 Download URL: https://ftp.jaist.ac.jp/pub/qtproject/online/qtsdkrepository/windows_x86/desktop/qt6_683/qt6_683/qt.qt6.683.win64_mingw/6.8.3-0-202503201308qtsvg-Windows-Windows_10_22H2-Mingw-Windows-Windows_10_22H2-X86_64.7z
2026-07-03 06:03:25,265 - aqt.helper - INFO - helper 20360 Downloading qtbase...
2026-07-03 06:03:25,265 - aqt.installer - DEBUG - installer 20360 Download URL: https://ftp.jaist.ac.jp/pub/qtproject/online/qtsdkrepository/windows_x86/desktop/qt6_683/qt6_683/qt.qt6.683.win64_mingw/6.8.3-0-202503201308qtbase-Windows-Windows_10_22H2-Mingw-Windows-Windows_10_22H2-X86_64.7z
2026-07-03 06:03:28,303 - aqt.installer - INFO - installer 5764 Finished installation of qtsvg-Windows-Windows_10_22H2-Mingw-Windows-Windows_10_22H2-X86_64.7z in 5.33527340
2026-07-03 06:03:28,314 - aqt.helper - DEBUG - helper 5764 Attempt to download checksum at https://download.qt.io/online/qtsdkrepository/windows_x86/desktop/qt6_683/qt6_683/qt.qt6.683.win64_mingw/6.8.3-0-202503201308qttranslations-Windows-Windows_10_22H2-Mingw-Windows-Windows_10_22H2-X86_64.7z.sha256
2026-07-03 06:03:30,481 - aqt.helper - INFO - helper 5764 Downloading qttranslations...
2026-07-03 06:03:30,481 - aqt.installer - DEBUG - installer 5764 Download URL: https://ftp.jaist.ac.jp/pub/qtproject/online/qtsdkrepository/windows_x86/desktop/qt6_683/qt6_683/qt.qt6.683.win64_mingw/6.8.3-0-202503201308qttranslations-Windows-Windows_10_22H2-Mingw-Windows-Windows_10_22H2-X86_64.7z
2026-07-03 06:03:35,235 - aqt.installer - INFO - installer 5764 Finished installation of qttranslations-Windows-Windows_10_22H2-Mingw-Windows-Windows_10_22H2-X86_64.7z in 6.92382360
2026-07-03 06:03:35,257 - aqt.helper - DEBUG - helper 5764 Attempt to download checksum at https://download.qt.io/online/qtsdkrepository/windows_x86/desktop/qt6_683/qt6_683/qt.qt6.683.win64_mingw/6.8.3-0-202503201308MinGW-w64-x86_64-13.1.0-release-posix-seh-msvcrt-rt_v11-rev1-runtime.7z.sha256
2026-07-03 06:03:37,445 - aqt.helper - INFO - helper 5764 Downloading MinGW...
2026-07-03 06:03:37,445 - aqt.installer - DEBUG - installer 5764 Download URL: https://ftp.jaist.ac.jp/pub/qtproject/online/qtsdkrepository/windows_x86/desktop/qt6_683/qt6_683/qt.qt6.683.win64_mingw/6.8.3-0-202503201308MinGW-w64-x86_64-13.1.0-release-posix-seh-msvcrt-rt_v11-rev1-runtime.7z
2026-07-03 06:03:37,925 - aqt.installer - INFO - installer 35768 Finished installation of qttools-Windows-Windows_10_22H2-Mingw-Windows-Windows_10_22H2-X86_64.7z in 14.95402810
2026-07-03 06:03:37,940 - aqt.helper - DEBUG - helper 35768 Attempt to download checksum at https://download.qt.io/online/qtsdkrepository/windows_x86/desktop/qt6_683/qt6_683/qt.qt6.683.win64_mingw/6.8.3-0-202503201308d3dcompiler_47-x64.7z.sha256
2026-07-03 06:03:39,500 - aqt.installer - INFO - installer 20360 Finished installation of qtbase-Windows-Windows_10_22H2-Mingw-Windows-Windows_10_22H2-X86_64.7z in 16.53815450
2026-07-03 06:03:39,514 - aqt.helper - DEBUG - helper 20360 Attempt to download checksum at https://download.qt.io/online/qtsdkrepository/windows_x86/desktop/qt6_683/qt6_683/qt.qt6.683.win64_mingw/6.8.3-0-202503201308opengl32sw-64-mesa_11_2_2-signed_sha256.7z.sha256
2026-07-03 06:03:40,128 - aqt.helper - INFO - helper 35768 Downloading d3dcompiler_47...
2026-07-03 06:03:40,128 - aqt.installer - DEBUG - installer 35768 Download URL: https://ftp.jaist.ac.jp/pub/qtproject/online/qtsdkrepository/windows_x86/desktop/qt6_683/qt6_683/qt.qt6.683.win64_mingw/6.8.3-0-202503201308d3dcompiler_47-x64.7z
2026-07-03 06:03:40,842 - aqt.installer - INFO - installer 5764 Finished installation of MinGW-w64-x86_64-13.1.0-release-posix-seh-msvcrt-rt_v11-rev1-runtime.7z in 5.59064480
2026-07-03 06:03:41,737 - aqt.helper - INFO - helper 20360 Downloading opengl32sw...
2026-07-03 06:03:41,737 - aqt.installer - DEBUG - installer 20360 Download URL: https://ftp.jaist.ac.jp/pub/qtproject/online/qtsdkrepository/windows_x86/desktop/qt6_683/qt6_683/qt.qt6.683.win64_mingw/6.8.3-0-202503201308opengl32sw-64-mesa_11_2_2-signed_sha256.7z
2026-07-03 06:03:44,006 - aqt.installer - INFO - installer 35768 Finished installation of d3dcompiler_47-x64.7z in 6.06818900
2026-07-03 06:03:48,208 - aqt.installer - INFO - installer 20360 Finished installation of opengl32sw-64-mesa_11_2_2-signed_sha256.7z in 8.69616350
2026-07-03 06:04:28,349 - aqt.installer - INFO - installer 40196 Finished installation of qtdeclarative-Windows-Windows_10_22H2-Mingw-Windows-Windows_10_22H2-X86_64.7z in 65.37774450
2026-07-03 06:04:28,930 - aqt.updater - INFO - updater 46436 Patching C:\Qt\6.8.3\mingw_64\bin\qmake.exe
2026-07-03 06:04:28,933 - aqt.updater - INFO - updater 46436 Patching C:\Qt\6.8.3\mingw_64\lib\pkgconfig\Qt6Concurrent.pc
2026-07-03 06:04:28,934 - aqt.updater - INFO - updater 46436 Patching C:\Qt\6.8.3\mingw_64\lib\pkgconfig\Qt6Core.pc
2026-07-03 06:04:28,935 - aqt.updater - INFO - updater 46436 Patching C:\Qt\6.8.3\mingw_64\lib\pkgconfig\Qt6DBus.pc
2026-07-03 06:04:28,935 - aqt.updater - INFO - updater 46436 Patching C:\Qt\6.8.3\mingw_64\lib\pkgconfig\Qt6Designer.pc
2026-07-03 06:04:28,936 - aqt.updater - INFO - updater 46436 Patching C:\Qt\6.8.3\mingw_64\lib\pkgconfig\Qt6Gui.pc
2026-07-03 06:04:28,936 - aqt.updater - INFO - updater 46436 Patching C:\Qt\6.8.3\mingw_64\lib\pkgconfig\Qt6Help.pc
2026-07-03 06:04:28,937 - aqt.updater - INFO - updater 46436 Patching C:\Qt\6.8.3\mingw_64\lib\pkgconfig\Qt6LabsAnimation.pc
2026-07-03 06:04:28,938 - aqt.updater - INFO - updater 46436 Patching C:\Qt\6.8.3\mingw_64\lib\pkgconfig\Qt6LabsFolderListModel.pc
2026-07-03 06:04:28,938 - aqt.updater - INFO - updater 46436 Patching C:\Qt\6.8.3\mingw_64\lib\pkgconfig\Qt6LabsPlatform.pc
2026-07-03 06:04:28,939 - aqt.updater - INFO - updater 46436 Patching C:\Qt\6.8.3\mingw_64\lib\pkgconfig\Qt6LabsQmlModels.pc
2026-07-03 06:04:28,940 - aqt.updater - INFO - updater 46436 Patching C:\Qt\6.8.3\mingw_64\lib\pkgconfig\Qt6LabsSettings.pc
2026-07-03 06:04:28,940 - aqt.updater - INFO - updater 46436 Patching C:\Qt\6.8.3\mingw_64\lib\pkgconfig\Qt6LabsSharedImage.pc
2026-07-03 06:04:28,941 - aqt.updater - INFO - updater 46436 Patching C:\Qt\6.8.3\mingw_64\lib\pkgconfig\Qt6LabsWavefrontMesh.pc
2026-07-03 06:04:28,942 - aqt.updater - INFO - updater 46436 Patching C:\Qt\6.8.3\mingw_64\lib\pkgconfig\Qt6Linguist.pc
2026-07-03 06:04:28,942 - aqt.updater - INFO - updater 46436 Patching C:\Qt\6.8.3\mingw_64\lib\pkgconfig\Qt6Network.pc
2026-07-03 06:04:28,943 - aqt.updater - INFO - updater 46436 Patching C:\Qt\6.8.3\mingw_64\lib\pkgconfig\Qt6OpenGL.pc
2026-07-03 06:04:28,944 - aqt.updater - INFO - updater 46436 Patching C:\Qt\6.8.3\mingw_64\lib\pkgconfig\Qt6OpenGLWidgets.pc
2026-07-03 06:04:28,944 - aqt.updater - INFO - updater 46436 Patching C:\Qt\6.8.3\mingw_64\lib\pkgconfig\Qt6Platform.pc
2026-07-03 06:04:28,945 - aqt.updater - INFO - updater 46436 Patching C:\Qt\6.8.3\mingw_64\lib\pkgconfig\Qt6PrintSupport.pc
2026-07-03 06:04:28,946 - aqt.updater - INFO - updater 46436 Patching C:\Qt\6.8.3\mingw_64\lib\pkgconfig\Qt6Qml.pc
2026-07-03 06:04:28,947 - aqt.updater - INFO - updater 46436 Patching C:\Qt\6.8.3\mingw_64\lib\pkgconfig\Qt6QmlAssetDownloader.pc
2026-07-03 06:04:28,947 - aqt.updater - INFO - updater 46436 Patching C:\Qt\6.8.3\mingw_64\lib\pkgconfig\Qt6QmlCompiler.pc
2026-07-03 06:04:28,948 - aqt.updater - INFO - updater 46436 Patching C:\Qt\6.8.3\mingw_64\lib\pkgconfig\Qt6QmlCore.pc
2026-07-03 06:04:28,949 - aqt.updater - INFO - updater 46436 Patching C:\Qt\6.8.3\mingw_64\lib\pkgconfig\Qt6QmlIntegration.pc
2026-07-03 06:04:28,949 - aqt.updater - INFO - updater 46436 Patching C:\Qt\6.8.3\mingw_64\lib\pkgconfig\Qt6QmlLocalStorage.pc
2026-07-03 06:04:28,950 - aqt.updater - INFO - updater 46436 Patching C:\Qt\6.8.3\mingw_64\lib\pkgconfig\Qt6QmlMeta.pc
2026-07-03 06:04:28,951 - aqt.updater - INFO - updater 46436 Patching C:\Qt\6.8.3\mingw_64\lib\pkgconfig\Qt6QmlModels.pc
2026-07-03 06:04:28,952 - aqt.updater - INFO - updater 46436 Patching C:\Qt\6.8.3\mingw_64\lib\pkgconfig\Qt6QmlNetwork.pc
2026-07-03 06:04:28,953 - aqt.updater - INFO - updater 46436 Patching C:\Qt\6.8.3\mingw_64\lib\pkgconfig\Qt6QmlWorkerScript.pc
2026-07-03 06:04:28,954 - aqt.updater - INFO - updater 46436 Patching C:\Qt\6.8.3\mingw_64\lib\pkgconfig\Qt6QmlXmlListModel.pc
2026-07-03 06:04:28,954 - aqt.updater - INFO - updater 46436 Patching C:\Qt\6.8.3\mingw_64\lib\pkgconfig\Qt6Quick.pc
2026-07-03 06:04:28,955 - aqt.updater - INFO - updater 46436 Patching C:\Qt\6.8.3\mingw_64\lib\pkgconfig\Qt6QuickControls2.pc
2026-07-03 06:04:28,956 - aqt.updater - INFO - updater 46436 Patching C:\Qt\6.8.3\mingw_64\lib\pkgconfig\Qt6QuickControls2Basic.pc
2026-07-03 06:04:28,956 - aqt.updater - INFO - updater 46436 Patching C:\Qt\6.8.3\mingw_64\lib\pkgconfig\Qt6QuickControls2BasicStyleImpl.pc
2026-07-03 06:04:28,957 - aqt.updater - INFO - updater 46436 Patching C:\Qt\6.8.3\mingw_64\lib\pkgconfig\Qt6QuickControls2FluentWinUI3StyleImpl.pc
2026-07-03 06:04:28,957 - aqt.updater - INFO - updater 46436 Patching C:\Qt\6.8.3\mingw_64\lib\pkgconfig\Qt6QuickControls2Fusion.pc
2026-07-03 06:04:28,958 - aqt.updater - INFO - updater 46436 Patching C:\Qt\6.8.3\mingw_64\lib\pkgconfig\Qt6QuickControls2FusionStyleImpl.pc
2026-07-03 06:04:28,958 - aqt.updater - INFO - updater 46436 Patching C:\Qt\6.8.3\mingw_64\lib\pkgconfig\Qt6QuickControls2Imagine.pc
2026-07-03 06:04:28,959 - aqt.updater - INFO - updater 46436 Patching C:\Qt\6.8.3\mingw_64\lib\pkgconfig\Qt6QuickControls2ImagineStyleImpl.pc
2026-07-03 06:04:28,960 - aqt.updater - INFO - updater 46436 Patching C:\Qt\6.8.3\mingw_64\lib\pkgconfig\Qt6QuickControls2Impl.pc
2026-07-03 06:04:28,960 - aqt.updater - INFO - updater 46436 Patching C:\Qt\6.8.3\mingw_64\lib\pkgconfig\Qt6QuickControls2Material.pc
2026-07-03 06:04:28,961 - aqt.updater - INFO - updater 46436 Patching C:\Qt\6.8.3\mingw_64\lib\pkgconfig\Qt6QuickControls2MaterialStyleImpl.pc
2026-07-03 06:04:28,961 - aqt.updater - INFO - updater 46436 Patching C:\Qt\6.8.3\mingw_64\lib\pkgconfig\Qt6QuickControls2Universal.pc
2026-07-03 06:04:28,962 - aqt.updater - INFO - updater 46436 Patching C:\Qt\6.8.3\mingw_64\lib\pkgconfig\Qt6QuickControls2UniversalStyleImpl.pc
2026-07-03 06:04:28,962 - aqt.updater - INFO - updater 46436 Patching C:\Qt\6.8.3\mingw_64\lib\pkgconfig\Qt6QuickControls2WindowsStyleImpl.pc
2026-07-03 06:04:28,963 - aqt.updater - INFO - updater 46436 Patching C:\Qt\6.8.3\mingw_64\lib\pkgconfig\Qt6QuickDialogs2.pc
2026-07-03 06:04:28,964 - aqt.updater - INFO - updater 46436 Patching C:\Qt\6.8.3\mingw_64\lib\pkgconfig\Qt6QuickDialogs2QuickImpl.pc
2026-07-03 06:04:28,965 - aqt.updater - INFO - updater 46436 Patching C:\Qt\6.8.3\mingw_64\lib\pkgconfig\Qt6QuickDialogs2Utils.pc
2026-07-03 06:04:28,966 - aqt.updater - INFO - updater 46436 Patching C:\Qt\6.8.3\mingw_64\lib\pkgconfig\Qt6QuickLayouts.pc
2026-07-03 06:04:28,966 - aqt.updater - INFO - updater 46436 Patching C:\Qt\6.8.3\mingw_64\lib\pkgconfig\Qt6QuickTemplates2.pc
2026-07-03 06:04:28,967 - aqt.updater - INFO - updater 46436 Patching C:\Qt\6.8.3\mingw_64\lib\pkgconfig\Qt6QuickTest.pc
2026-07-03 06:04:28,968 - aqt.updater - INFO - updater 46436 Patching C:\Qt\6.8.3\mingw_64\lib\pkgconfig\Qt6QuickVectorImage.pc
2026-07-03 06:04:28,969 - aqt.updater - INFO - updater 46436 Patching C:\Qt\6.8.3\mingw_64\lib\pkgconfig\Qt6QuickWidgets.pc
2026-07-03 06:04:28,970 - aqt.updater - INFO - updater 46436 Patching C:\Qt\6.8.3\mingw_64\lib\pkgconfig\Qt6Sql.pc
2026-07-03 06:04:28,970 - aqt.updater - INFO - updater 46436 Patching C:\Qt\6.8.3\mingw_64\lib\pkgconfig\Qt6Svg.pc
2026-07-03 06:04:28,971 - aqt.updater - INFO - updater 46436 Patching C:\Qt\6.8.3\mingw_64\lib\pkgconfig\Qt6SvgWidgets.pc
2026-07-03 06:04:28,972 - aqt.updater - INFO - updater 46436 Patching C:\Qt\6.8.3\mingw_64\lib\pkgconfig\Qt6Test.pc
2026-07-03 06:04:28,973 - aqt.updater - INFO - updater 46436 Patching C:\Qt\6.8.3\mingw_64\lib\pkgconfig\Qt6UiPlugin.pc
2026-07-03 06:04:28,973 - aqt.updater - INFO - updater 46436 Patching C:\Qt\6.8.3\mingw_64\lib\pkgconfig\Qt6UiTools.pc
2026-07-03 06:04:28,974 - aqt.updater - INFO - updater 46436 Patching C:\Qt\6.8.3\mingw_64\lib\pkgconfig\Qt6Widgets.pc
2026-07-03 06:04:28,975 - aqt.updater - INFO - updater 46436 Patching C:\Qt\6.8.3\mingw_64\lib\pkgconfig\Qt6Xml.pc
2026-07-03 06:04:28,979 - aqt.updater - INFO - updater 46436 Patching C:\Qt\6.8.3\mingw_64\lib\Qt6Concurrent.prl
2026-07-03 06:04:28,979 - aqt.updater - INFO - updater 46436 Patching C:\Qt\6.8.3\mingw_64\lib\Qt6Core.prl
2026-07-03 06:04:28,980 - aqt.updater - INFO - updater 46436 Patching C:\Qt\6.8.3\mingw_64\lib\Qt6DBus.prl
2026-07-03 06:04:28,981 - aqt.updater - INFO - updater 46436 Patching C:\Qt\6.8.3\mingw_64\lib\Qt6Designer.prl
2026-07-03 06:04:28,982 - aqt.updater - INFO - updater 46436 Patching C:\Qt\6.8.3\mingw_64\lib\Qt6DesignerComponents.prl
2026-07-03 06:04:28,983 - aqt.updater - INFO - updater 46436 Patching C:\Qt\6.8.3\mingw_64\lib\Qt6DeviceDiscoverySupport.prl
2026-07-03 06:04:28,984 - aqt.updater - INFO - updater 46436 Patching C:\Qt\6.8.3\mingw_64\lib\Qt6EntryPoint.prl
2026-07-03 06:04:28,985 - aqt.updater - INFO - updater 46436 Patching C:\Qt\6.8.3\mingw_64\lib\Qt6ExampleIcons.prl
2026-07-03 06:04:28,985 - aqt.updater - INFO - updater 46436 Patching C:\Qt\6.8.3\mingw_64\lib\Qt6ExamplesAssetDownloader.prl
2026-07-03 06:04:28,986 - aqt.updater - INFO - updater 46436 Patching C:\Qt\6.8.3\mingw_64\lib\Qt6FbSupport.prl
2026-07-03 06:04:28,987 - aqt.updater - INFO - updater 46436 Patching C:\Qt\6.8.3\mingw_64\lib\Qt6Gui.prl
2026-07-03 06:04:28,987 - aqt.updater - INFO - updater 46436 Patching C:\Qt\6.8.3\mingw_64\lib\Qt6Help.prl
2026-07-03 06:04:28,988 - aqt.updater - INFO - updater 46436 Patching C:\Qt\6.8.3\mingw_64\lib\Qt6LabsAnimation.prl
2026-07-03 06:04:28,989 - aqt.updater - INFO - updater 46436 Patching C:\Qt\6.8.3\mingw_64\lib\Qt6LabsFolderListModel.prl
2026-07-03 06:04:28,990 - aqt.updater - INFO - updater 46436 Patching C:\Qt\6.8.3\mingw_64\lib\Qt6LabsPlatform.prl
2026-07-03 06:04:28,990 - aqt.updater - INFO - updater 46436 Patching C:\Qt\6.8.3\mingw_64\lib\Qt6LabsQmlModels.prl
2026-07-03 06:04:28,991 - aqt.updater - INFO - updater 46436 Patching C:\Qt\6.8.3\mingw_64\lib\Qt6LabsSettings.prl
2026-07-03 06:04:28,992 - aqt.updater - INFO - updater 46436 Patching C:\Qt\6.8.3\mingw_64\lib\Qt6LabsSharedImage.prl
2026-07-03 06:04:28,993 - aqt.updater - INFO - updater 46436 Patching C:\Qt\6.8.3\mingw_64\lib\Qt6LabsWavefrontMesh.prl
2026-07-03 06:04:28,993 - aqt.updater - INFO - updater 46436 Patching C:\Qt\6.8.3\mingw_64\lib\Qt6Network.prl
2026-07-03 06:04:28,994 - aqt.updater - INFO - updater 46436 Patching C:\Qt\6.8.3\mingw_64\lib\Qt6OpenGL.prl
2026-07-03 06:04:28,995 - aqt.updater - INFO - updater 46436 Patching C:\Qt\6.8.3\mingw_64\lib\Qt6OpenGLWidgets.prl
2026-07-03 06:04:28,996 - aqt.updater - INFO - updater 46436 Patching C:\Qt\6.8.3\mingw_64\lib\Qt6PacketProtocol.prl
2026-07-03 06:04:28,997 - aqt.updater - INFO - updater 46436 Patching C:\Qt\6.8.3\mingw_64\lib\Qt6PrintSupport.prl
2026-07-03 06:04:28,998 - aqt.updater - INFO - updater 46436 Patching C:\Qt\6.8.3\mingw_64\lib\Qt6Qml.prl
2026-07-03 06:04:28,999 - aqt.updater - INFO - updater 46436 Patching C:\Qt\6.8.3\mingw_64\lib\Qt6QmlAssetDownloader.prl
2026-07-03 06:04:29,000 - aqt.updater - INFO - updater 46436 Patching C:\Qt\6.8.3\mingw_64\lib\Qt6QmlCompiler.prl
2026-07-03 06:04:29,001 - aqt.updater - INFO - updater 46436 Patching C:\Qt\6.8.3\mingw_64\lib\Qt6QmlCore.prl
2026-07-03 06:04:29,002 - aqt.updater - INFO - updater 46436 Patching C:\Qt\6.8.3\mingw_64\lib\Qt6QmlDebug.prl
2026-07-03 06:04:29,003 - aqt.updater - INFO - updater 46436 Patching C:\Qt\6.8.3\mingw_64\lib\Qt6QmlDom.prl
2026-07-03 06:04:29,003 - aqt.updater - INFO - updater 46436 Patching C:\Qt\6.8.3\mingw_64\lib\Qt6QmlLocalStorage.prl
2026-07-03 06:04:29,004 - aqt.updater - INFO - updater 46436 Patching C:\Qt\6.8.3\mingw_64\lib\Qt6QmlLS.prl
2026-07-03 06:04:29,005 - aqt.updater - INFO - updater 46436 Patching C:\Qt\6.8.3\mingw_64\lib\Qt6QmlMeta.prl
2026-07-03 06:04:29,006 - aqt.updater - INFO - updater 46436 Patching C:\Qt\6.8.3\mingw_64\lib\Qt6QmlModels.prl
2026-07-03 06:04:29,007 - aqt.updater - INFO - updater 46436 Patching C:\Qt\6.8.3\mingw_64\lib\Qt6QmlNetwork.prl
2026-07-03 06:04:29,007 - aqt.updater - INFO - updater 46436 Patching C:\Qt\6.8.3\mingw_64\lib\Qt6QmlToolingSettings.prl
2026-07-03 06:04:29,008 - aqt.updater - INFO - updater 46436 Patching C:\Qt\6.8.3\mingw_64\lib\Qt6QmlTypeRegistrar.prl
2026-07-03 06:04:29,009 - aqt.updater - INFO - updater 46436 Patching C:\Qt\6.8.3\mingw_64\lib\Qt6QmlWorkerScript.prl
2026-07-03 06:04:29,010 - aqt.updater - INFO - updater 46436 Patching C:\Qt\6.8.3\mingw_64\lib\Qt6QmlXmlListModel.prl
2026-07-03 06:04:29,010 - aqt.updater - INFO - updater 46436 Patching C:\Qt\6.8.3\mingw_64\lib\Qt6Quick.prl
2026-07-03 06:04:29,011 - aqt.updater - INFO - updater 46436 Patching C:\Qt\6.8.3\mingw_64\lib\Qt6QuickControls2.prl
2026-07-03 06:04:29,012 - aqt.updater - INFO - updater 46436 Patching C:\Qt\6.8.3\mingw_64\lib\Qt6QuickControls2Basic.prl
2026-07-03 06:04:29,012 - aqt.updater - INFO - updater 46436 Patching C:\Qt\6.8.3\mingw_64\lib\Qt6QuickControls2BasicStyleImpl.prl
2026-07-03 06:04:29,015 - aqt.updater - INFO - updater 46436 Patching C:\Qt\6.8.3\mingw_64\lib\Qt6QuickControls2FluentWinUI3StyleImpl.prl
2026-07-03 06:04:29,015 - aqt.updater - INFO - updater 46436 Patching C:\Qt\6.8.3\mingw_64\lib\Qt6QuickControls2Fusion.prl
2026-07-03 06:04:29,016 - aqt.updater - INFO - updater 46436 Patching C:\Qt\6.8.3\mingw_64\lib\Qt6QuickControls2FusionStyleImpl.prl
2026-07-03 06:04:29,017 - aqt.updater - INFO - updater 46436 Patching C:\Qt\6.8.3\mingw_64\lib\Qt6QuickControls2Imagine.prl
2026-07-03 06:04:29,018 - aqt.updater - INFO - updater 46436 Patching C:\Qt\6.8.3\mingw_64\lib\Qt6QuickControls2ImagineStyleImpl.prl
2026-07-03 06:04:29,019 - aqt.updater - INFO - updater 46436 Patching C:\Qt\6.8.3\mingw_64\lib\Qt6QuickControls2Impl.prl
2026-07-03 06:04:29,020 - aqt.updater - INFO - updater 46436 Patching C:\Qt\6.8.3\mingw_64\lib\Qt6QuickControls2Material.prl
2026-07-03 06:04:29,021 - aqt.updater - INFO - updater 46436 Patching C:\Qt\6.8.3\mingw_64\lib\Qt6QuickControls2MaterialStyleImpl.prl
2026-07-03 06:04:29,022 - aqt.updater - INFO - updater 46436 Patching C:\Qt\6.8.3\mingw_64\lib\Qt6QuickControls2Universal.prl
2026-07-03 06:04:29,023 - aqt.updater - INFO - updater 46436 Patching C:\Qt\6.8.3\mingw_64\lib\Qt6QuickControls2UniversalStyleImpl.prl
2026-07-03 06:04:29,024 - aqt.updater - INFO - updater 46436 Patching C:\Qt\6.8.3\mingw_64\lib\Qt6QuickControls2WindowsStyleImpl.prl
2026-07-03 06:04:29,025 - aqt.updater - INFO - updater 46436 Patching C:\Qt\6.8.3\mingw_64\lib\Qt6QuickControlsTestUtils.prl
2026-07-03 06:04:29,026 - aqt.updater - INFO - updater 46436 Patching C:\Qt\6.8.3\mingw_64\lib\Qt6QuickDialogs2.prl
2026-07-03 06:04:29,027 - aqt.updater - INFO - updater 46436 Patching C:\Qt\6.8.3\mingw_64\lib\Qt6QuickDialogs2QuickImpl.prl
2026-07-03 06:04:29,028 - aqt.updater - INFO - updater 46436 Patching C:\Qt\6.8.3\mingw_64\lib\Qt6QuickDialogs2Utils.prl
2026-07-03 06:04:29,029 - aqt.updater - INFO - updater 46436 Patching C:\Qt\6.8.3\mingw_64\lib\Qt6QuickEffects.prl
2026-07-03 06:04:29,030 - aqt.updater - INFO - updater 46436 Patching C:\Qt\6.8.3\mingw_64\lib\Qt6QuickLayouts.prl
2026-07-03 06:04:29,031 - aqt.updater - INFO - updater 46436 Patching C:\Qt\6.8.3\mingw_64\lib\Qt6QuickParticles.prl
2026-07-03 06:04:29,032 - aqt.updater - INFO - updater 46436 Patching C:\Qt\6.8.3\mingw_64\lib\Qt6QuickShapes.prl
2026-07-03 06:04:29,032 - aqt.updater - INFO - updater 46436 Patching C:\Qt\6.8.3\mingw_64\lib\Qt6QuickTemplates2.prl
2026-07-03 06:04:29,033 - aqt.updater - INFO - updater 46436 Patching C:\Qt\6.8.3\mingw_64\lib\Qt6QuickTest.prl
2026-07-03 06:04:29,035 - aqt.updater - INFO - updater 46436 Patching C:\Qt\6.8.3\mingw_64\lib\Qt6QuickTestUtils.prl
2026-07-03 06:04:29,036 - aqt.updater - INFO - updater 46436 Patching C:\Qt\6.8.3\mingw_64\lib\Qt6QuickVectorImage.prl
2026-07-03 06:04:29,036 - aqt.updater - INFO - updater 46436 Patching C:\Qt\6.8.3\mingw_64\lib\Qt6QuickVectorImageGenerator.prl
2026-07-03 06:04:29,037 - aqt.updater - INFO - updater 46436 Patching C:\Qt\6.8.3\mingw_64\lib\Qt6QuickWidgets.prl
2026-07-03 06:04:29,038 - aqt.updater - INFO - updater 46436 Patching C:\Qt\6.8.3\mingw_64\lib\Qt6Sql.prl
2026-07-03 06:04:29,039 - aqt.updater - INFO - updater 46436 Patching C:\Qt\6.8.3\mingw_64\lib\Qt6Svg.prl
2026-07-03 06:04:29,039 - aqt.updater - INFO - updater 46436 Patching C:\Qt\6.8.3\mingw_64\lib\Qt6SvgWidgets.prl
2026-07-03 06:04:29,040 - aqt.updater - INFO - updater 46436 Patching C:\Qt\6.8.3\mingw_64\lib\Qt6Test.prl
2026-07-03 06:04:29,041 - aqt.updater - INFO - updater 46436 Patching C:\Qt\6.8.3\mingw_64\lib\Qt6UiTools.prl
2026-07-03 06:04:29,041 - aqt.updater - INFO - updater 46436 Patching C:\Qt\6.8.3\mingw_64\lib\Qt6Widgets.prl
2026-07-03 06:04:29,042 - aqt.updater - INFO - updater 46436 Patching C:\Qt\6.8.3\mingw_64\lib\Qt6Xml.prl
2026-07-03 06:04:29,043 - aqt.main - INFO - installer 46436 Finished installation
2026-07-03 06:04:29,043 - aqt.main - INFO - installer 46436 Time elapsed: 88.13701740 second
